[2022-02-14 23:38:27] [INFO ] [restartedMain] [org.springframework.boot.StartupInfoLogger] [55] - Starting ApplicationKt on YY-PC with PID 2444 (D:\Consiliuminc\IntelljWorkspace\Robot\target\classes started by YY-PC in D:\Consiliuminc\IntelljWorkspace\Robot)
[2022-02-14 23:38:27] [INFO ] [restartedMain] [org.springframework.boot.SpringApplication] [651] - No active profile set, falling back to default profiles: default
[2022-02-14 23:38:28] [INFO ] [restartedMain] [org.springframework.boot.logging.DeferredLog] [225] - The Class-Path manifest attribute in C:\Users\YY-PC\.m2\repository\org\glassfish\jaxb\jaxb-runtime\2.3.2\jaxb-runtime-2.3.2.jar referenced one or more files that do not exist: file:/C:/Users/YY-PC/.m2/repository/org/glassfish/jaxb/jaxb-runtime/2.3.2/jakarta.xml.bind-api-2.3.2.jar,file:/C:/Users/YY-PC/.m2/repository/org/glassfish/jaxb/jaxb-runtime/2.3.2/txw2-2.3.2.jar,file:/C:/Users/YY-PC/.m2/repository/org/glassfish/jaxb/jaxb-runtime/2.3.2/istack-commons-runtime-3.0.8.jar,file:/C:/Users/YY-PC/.m2/repository/org/glassfish/jaxb/jaxb-runtime/2.3.2/stax-ex-1.8.1.jar,file:/C:/Users/YY-PC/.m2/repository/org/glassfish/jaxb/jaxb-runtime/2.3.2/FastInfoset-1.2.16.jar,file:/C:/Users/YY-PC/.m2/repository/org/glassfish/jaxb/jaxb-runtime/2.3.2/jakarta.activation-api-1.2.1.jar
[2022-02-14 23:38:28] [INFO ] [restartedMain] [org.springframework.boot.logging.DeferredLog] [225] - Devtools property defaults active! Set 'spring.devtools.add-properties' to 'false' to disable
[2022-02-14 23:38:28] [INFO ] [restartedMain] [org.springframework.boot.logging.DeferredLog] [225] - For additional web related logging consider setting the 'logging.level.web' property to 'DEBUG'
[2022-02-14 23:38:30] [INFO ] [restartedMain] [org.springframework.data.repository.config.RepositoryConfigurationDelegate] [127] - Bootstrapping Spring Data JPA repositories in DEFAULT mode.
[2022-02-14 23:38:30] [INFO ] [restartedMain] [org.springframework.data.repository.config.RepositoryConfigurationDelegate] [187] - Finished Spring Data repository scanning in 145ms. Found 2 JPA repository interfaces.
[2022-02-14 23:38:34] [INFO ] [restartedMain] [org.springframework.boot.web.embedded.tomcat.TomcatWebServer] [92] - Tomcat initialized with port(s): 8443 (https)
[2022-02-14 23:38:34] [INFO ] [restartedMain] [org.apache.juli.logging.DirectJDKLog] [173] - The ["https-openssl-nio-8443"] connector has been configured to support negotiation to [h2] via ALPN
[2022-02-14 23:38:34] [INFO ] [restartedMain] [org.apache.juli.logging.DirectJDKLog] [173] - Initializing ProtocolHandler ["https-openssl-nio-8443"]
[2022-02-14 23:38:34] [INFO ] [restartedMain] [org.apache.juli.logging.DirectJDKLog] [173] - Starting service [Tomcat]
[2022-02-14 23:38:34] [INFO ] [restartedMain] [org.apache.juli.logging.DirectJDKLog] [173] - Starting Servlet engine: [Apache Tomcat/9.0.31]
[2022-02-14 23:38:34] [INFO ] [restartedMain] [org.apache.juli.logging.DirectJDKLog] [173] - Loaded APR based Apache Tomcat Native library [1.2.24] using APR version [1.7.0].
[2022-02-14 23:38:34] [INFO ] [restartedMain] [org.apache.juli.logging.DirectJDKLog] [173] - APR capabilities: IPv6 [true], sendfile [true], accept filters [false], random [true].
[2022-02-14 23:38:34] [INFO ] [restartedMain] [org.apache.juli.logging.DirectJDKLog] [173] - APR/OpenSSL configuration: useAprConnector [false], useOpenSSL [true]
[2022-02-14 23:38:34] [INFO ] [restartedMain] [org.apache.juli.logging.DirectJDKLog] [173] - OpenSSL successfully initialized [OpenSSL 1.1.1g  21 Apr 2020]
[2022-02-14 23:38:34] [INFO ] [restartedMain] [org.apache.juli.logging.DirectJDKLog] [173] - Initializing Spring embedded WebApplicationContext
[2022-02-14 23:38:34] [INFO ] [restartedMain] [org.springframework.boot.web.servlet.context.ServletWebServerApplicationContext] [284] - Root WebApplicationContext: initialization completed in 6874 ms
[2022-02-14 23:38:35] [INFO ] [restartedMain] [org.hibernate.jpa.internal.util.LogHelper] [31] - HHH000204: Processing PersistenceUnitInfo [name: default]
[2022-02-14 23:38:35] [INFO ] [restartedMain] [org.hibernate.Version] [44] - HHH000412: Hibernate ORM core version 5.4.12.Final
[2022-02-14 23:38:35] [INFO ] [restartedMain] [org.hibernate.annotations.common.reflection.java.JavaReflectionManager] [49] - HCANN000001: Hibernate Commons Annotations {5.1.0.Final}
[2022-02-14 23:38:36] [INFO ] [restartedMain] [com.zaxxer.hikari.HikariDataSource] [110] - HikariPool-1 - Starting...
[2022-02-14 23:38:37] [INFO ] [restartedMain] [com.zaxxer.hikari.HikariDataSource] [123] - HikariPool-1 - Start completed.
[2022-02-14 23:38:38] [INFO ] [restartedMain] [org.hibernate.dialect.Dialect] [172] - HHH000400: Using dialect: org.hibernate.dialect.SQLServer2012Dialect
[2022-02-14 23:38:39] [INFO ] [restartedMain] [org.hibernate.engine.transaction.jta.platform.internal.JtaPlatformInitiator] [52] - HHH000490: Using JtaPlatform implementation: [org.hibernate.engine.transaction.jta.platform.internal.NoJtaPlatform]
[2022-02-14 23:38:39] [INFO ] [restartedMain] [org.springframework.orm.jpa.AbstractEntityManagerFactoryBean] [416] - Initialized JPA EntityManagerFactory for persistence unit 'default'
[2022-02-14 23:38:39] [INFO ] [restartedMain] [org.springframework.boot.devtools.autoconfigure.OptionalLiveReloadServer] [58] - LiveReload server is running on port 35729
[2022-02-14 23:38:41] [WARN ] [restartedMain] [org.springframework.boot.autoconfigure.orm.jpa.JpaBaseConfiguration$JpaWebConfiguration] [220] - spring.jpa.open-in-view is enabled by default. Therefore, database queries may be performed during view rendering. Explicitly configure spring.jpa.open-in-view to disable this warning
[2022-02-14 23:38:41] [INFO ] [restartedMain] [org.springframework.scheduling.concurrent.ExecutorConfigurationSupport] [181] - Initializing ExecutorService 'applicationTaskExecutor'
[2022-02-14 23:38:41] [INFO ] [restartedMain] [org.apache.juli.logging.DirectJDKLog] [173] - Starting ProtocolHandler ["https-openssl-nio-8443"]
[2022-02-14 23:38:42] [INFO ] [restartedMain] [org.springframework.boot.web.embedded.tomcat.TomcatWebServer] [204] - Tomcat started on port(s): 8443 (https) with context path '/Robot'
[2022-02-14 23:38:42] [INFO ] [restartedMain] [org.springframework.boot.StartupInfoLogger] [61] - Started ApplicationKt in 15.709 seconds (JVM running for 17.448)
[2022-02-14 23:39:35] [INFO ] [SpringContextShutdownHook] [org.springframework.scheduling.concurrent.ExecutorConfigurationSupport] [218] - Shutting down ExecutorService 'applicationTaskExecutor'
[2022-02-14 23:39:35] [INFO ] [SpringContextShutdownHook] [org.springframework.orm.jpa.AbstractEntityManagerFactoryBean] [598] - Closing JPA EntityManagerFactory for persistence unit 'default'
[2022-02-14 23:39:35] [INFO ] [SpringContextShutdownHook] [com.zaxxer.hikari.HikariDataSource] [350] - HikariPool-1 - Shutdown initiated...
[2022-02-14 23:39:35] [INFO ] [SpringContextShutdownHook] [com.zaxxer.hikari.HikariDataSource] [352] - HikariPool-1 - Shutdown completed.
