[2021-04-27 14:35:33] [INFO ] [restartedMain] [org.springframework.boot.StartupInfoLogger] [55] - Starting ApplicationKt on YY-PC with PID 12856 (D:\Consiliuminc\IntelljWorkspace\Robot\target\classes started by YY-PC in D:\Consiliuminc\IntelljWorkspace\Robot)
[2021-04-27 14:35:33] [INFO ] [restartedMain] [org.springframework.boot.SpringApplication] [651] - No active profile set, falling back to default profiles: default
[2021-04-27 14:35:33] [INFO ] [restartedMain] [org.springframework.boot.logging.DeferredLog] [225] - The Class-Path manifest attribute in C:\Users\YY-PC\.m2\repository\org\glassfish\jaxb\jaxb-runtime\2.3.2\jaxb-runtime-2.3.2.jar referenced one or more files that do not exist: file:/C:/Users/YY-PC/.m2/repository/org/glassfish/jaxb/jaxb-runtime/2.3.2/jakarta.xml.bind-api-2.3.2.jar,file:/C:/Users/YY-PC/.m2/repository/org/glassfish/jaxb/jaxb-runtime/2.3.2/txw2-2.3.2.jar,file:/C:/Users/YY-PC/.m2/repository/org/glassfish/jaxb/jaxb-runtime/2.3.2/istack-commons-runtime-3.0.8.jar,file:/C:/Users/YY-PC/.m2/repository/org/glassfish/jaxb/jaxb-runtime/2.3.2/stax-ex-1.8.1.jar,file:/C:/Users/YY-PC/.m2/repository/org/glassfish/jaxb/jaxb-runtime/2.3.2/FastInfoset-1.2.16.jar,file:/C:/Users/YY-PC/.m2/repository/org/glassfish/jaxb/jaxb-runtime/2.3.2/jakarta.activation-api-1.2.1.jar
[2021-04-27 14:35:33] [INFO ] [restartedMain] [org.springframework.boot.logging.DeferredLog] [225] - Devtools property defaults active! Set 'spring.devtools.add-properties' to 'false' to disable
[2021-04-27 14:35:33] [INFO ] [restartedMain] [org.springframework.boot.logging.DeferredLog] [225] - For additional web related logging consider setting the 'logging.level.web' property to 'DEBUG'
[2021-04-27 14:35:35] [WARN ] [restartedMain] [org.springframework.context.support.AbstractApplicationContext] [558] - Exception encountered during context initialization - cancelling refresh attempt: org.springframework.beans.factory.BeanDefinitionStoreException: Failed to parse configuration class [com.consiliuminc.robot.Application]; nested exception is org.springframework.context.annotation.ConflictingBeanDefinitionException: Annotation-specified bean name 'apiController' for bean class [com.consiliuminc.robot.controller.secom.ApiController] conflicts with existing, non-compatible bean definition of same name and class [com.consiliuminc.robot.controller.robot.ApiController]
[2021-04-27 14:35:36] [ERROR] [restartedMain] [org.springframework.boot.SpringApplication] [826] - Application run failed
org.springframework.beans.factory.BeanDefinitionStoreException: Failed to parse configuration class [com.consiliuminc.robot.Application]; nested exception is org.springframework.context.annotation.ConflictingBeanDefinitionException: Annotation-specified bean name 'apiController' for bean class [com.consiliuminc.robot.controller.secom.ApiController] conflicts with existing, non-compatible bean definition of same name and class [com.consiliuminc.robot.controller.robot.ApiController]
	at org.springframework.context.annotation.ConfigurationClassParser.parse(ConfigurationClassParser.java:188)
	at org.springframework.context.annotation.ConfigurationClassPostProcessor.processConfigBeanDefinitions(ConfigurationClassPostProcessor.java:319)
	at org.springframework.context.annotation.ConfigurationClassPostProcessor.postProcessBeanDefinitionRegistry(ConfigurationClassPostProcessor.java:236)
	at org.springframework.context.support.PostProcessorRegistrationDelegate.invokeBeanDefinitionRegistryPostProcessors(PostProcessorRegistrationDelegate.java:275)
	at org.springframework.context.support.PostProcessorRegistrationDelegate.invokeBeanFactoryPostProcessors(PostProcessorRegistrationDelegate.java:95)
	at org.springframework.context.support.AbstractApplicationContext.invokeBeanFactoryPostProcessors(AbstractApplicationContext.java:706)
	at org.springframework.context.support.AbstractApplicationContext.refresh(AbstractApplicationContext.java:532)
	at org.springframework.boot.web.servlet.context.ServletWebServerApplicationContext.refresh(ServletWebServerApplicationContext.java:141)
	at org.springframework.boot.SpringApplication.refresh(SpringApplication.java:747)
	at org.springframework.boot.SpringApplication.refreshContext(SpringApplication.java:397)
	at org.springframework.boot.SpringApplication.run(SpringApplication.java:315)
	at org.springframework.boot.SpringApplication.run(SpringApplication.java:1226)
	at org.springframework.boot.SpringApplication.run(SpringApplication.java:1215)
	at com.consiliuminc.robot.ApplicationKt.main(Application.kt:20)
	at sun.reflect.NativeMethodAccessorImpl.invoke0(Native Method)
	at sun.reflect.NativeMethodAccessorImpl.invoke(NativeMethodAccessorImpl.java:62)
	at sun.reflect.DelegatingMethodAccessorImpl.invoke(DelegatingMethodAccessorImpl.java:43)
	at java.lang.reflect.Method.invoke(Method.java:498)
	at org.springframework.boot.devtools.restart.RestartLauncher.run(RestartLauncher.java:49)
Caused by: org.springframework.context.annotation.ConflictingBeanDefinitionException: Annotation-specified bean name 'apiController' for bean class [com.consiliuminc.robot.controller.secom.ApiController] conflicts with existing, non-compatible bean definition of same name and class [com.consiliuminc.robot.controller.robot.ApiController]
	at org.springframework.context.annotation.ClassPathBeanDefinitionScanner.checkCandidate(ClassPathBeanDefinitionScanner.java:349)
	at org.springframework.context.annotation.ClassPathBeanDefinitionScanner.doScan(ClassPathBeanDefinitionScanner.java:287)
	at org.springframework.context.annotation.ComponentScanAnnotationParser.parse(ComponentScanAnnotationParser.java:132)
	at org.springframework.context.annotation.ConfigurationClassParser.doProcessConfigurationClass(ConfigurationClassParser.java:295)
	at org.springframework.context.annotation.ConfigurationClassParser.processConfigurationClass(ConfigurationClassParser.java:249)
	at org.springframework.context.annotation.ConfigurationClassParser.parse(ConfigurationClassParser.java:206)
	at org.springframework.context.annotation.ConfigurationClassParser.parse(ConfigurationClassParser.java:174)
	... 18 common frames omitted
[2021-04-27 14:36:10] [INFO ] [restartedMain] [org.springframework.boot.StartupInfoLogger] [55] - Starting ApplicationKt on YY-PC with PID 12780 (D:\Consiliuminc\IntelljWorkspace\Robot\target\classes started by YY-PC in D:\Consiliuminc\IntelljWorkspace\Robot)
[2021-04-27 14:36:11] [INFO ] [restartedMain] [org.springframework.boot.SpringApplication] [651] - No active profile set, falling back to default profiles: default
[2021-04-27 14:36:11] [INFO ] [restartedMain] [org.springframework.boot.logging.DeferredLog] [225] - The Class-Path manifest attribute in C:\Users\YY-PC\.m2\repository\org\glassfish\jaxb\jaxb-runtime\2.3.2\jaxb-runtime-2.3.2.jar referenced one or more files that do not exist: file:/C:/Users/YY-PC/.m2/repository/org/glassfish/jaxb/jaxb-runtime/2.3.2/jakarta.xml.bind-api-2.3.2.jar,file:/C:/Users/YY-PC/.m2/repository/org/glassfish/jaxb/jaxb-runtime/2.3.2/txw2-2.3.2.jar,file:/C:/Users/YY-PC/.m2/repository/org/glassfish/jaxb/jaxb-runtime/2.3.2/istack-commons-runtime-3.0.8.jar,file:/C:/Users/YY-PC/.m2/repository/org/glassfish/jaxb/jaxb-runtime/2.3.2/stax-ex-1.8.1.jar,file:/C:/Users/YY-PC/.m2/repository/org/glassfish/jaxb/jaxb-runtime/2.3.2/FastInfoset-1.2.16.jar,file:/C:/Users/YY-PC/.m2/repository/org/glassfish/jaxb/jaxb-runtime/2.3.2/jakarta.activation-api-1.2.1.jar
[2021-04-27 14:36:11] [INFO ] [restartedMain] [org.springframework.boot.logging.DeferredLog] [225] - Devtools property defaults active! Set 'spring.devtools.add-properties' to 'false' to disable
[2021-04-27 14:36:11] [INFO ] [restartedMain] [org.springframework.boot.logging.DeferredLog] [225] - For additional web related logging consider setting the 'logging.level.web' property to 'DEBUG'
[2021-04-27 14:36:14] [INFO ] [restartedMain] [org.springframework.data.repository.config.RepositoryConfigurationDelegate] [127] - Bootstrapping Spring Data JPA repositories in DEFAULT mode.
[2021-04-27 14:36:14] [INFO ] [restartedMain] [org.springframework.data.repository.config.RepositoryConfigurationDelegate] [187] - Finished Spring Data repository scanning in 174ms. Found 2 JPA repository interfaces.
[2021-04-27 14:36:20] [INFO ] [restartedMain] [org.springframework.boot.web.embedded.tomcat.TomcatWebServer] [92] - Tomcat initialized with port(s): 8443 (https)
[2021-04-27 14:36:20] [INFO ] [restartedMain] [org.apache.juli.logging.DirectJDKLog] [173] - The ["https-openssl-nio-8443"] connector has been configured to support negotiation to [h2] via ALPN
[2021-04-27 14:36:20] [INFO ] [restartedMain] [org.apache.juli.logging.DirectJDKLog] [173] - Initializing ProtocolHandler ["https-openssl-nio-8443"]
[2021-04-27 14:36:20] [INFO ] [restartedMain] [org.apache.juli.logging.DirectJDKLog] [173] - Starting service [Tomcat]
[2021-04-27 14:36:20] [INFO ] [restartedMain] [org.apache.juli.logging.DirectJDKLog] [173] - Starting Servlet engine: [Apache Tomcat/9.0.31]
[2021-04-27 14:36:20] [INFO ] [restartedMain] [org.apache.juli.logging.DirectJDKLog] [173] - Loaded APR based Apache Tomcat Native library [1.2.24] using APR version [1.7.0].
[2021-04-27 14:36:20] [INFO ] [restartedMain] [org.apache.juli.logging.DirectJDKLog] [173] - APR capabilities: IPv6 [true], sendfile [true], accept filters [false], random [true].
[2021-04-27 14:36:20] [INFO ] [restartedMain] [org.apache.juli.logging.DirectJDKLog] [173] - APR/OpenSSL configuration: useAprConnector [false], useOpenSSL [true]
[2021-04-27 14:36:20] [INFO ] [restartedMain] [org.apache.juli.logging.DirectJDKLog] [173] - OpenSSL successfully initialized [OpenSSL 1.1.1g  21 Apr 2020]
[2021-04-27 14:36:20] [INFO ] [restartedMain] [org.apache.juli.logging.DirectJDKLog] [173] - Initializing Spring embedded WebApplicationContext
[2021-04-27 14:36:20] [INFO ] [restartedMain] [org.springframework.boot.web.servlet.context.ServletWebServerApplicationContext] [284] - Root WebApplicationContext: initialization completed in 9614 ms
[2021-04-27 14:36:21] [INFO ] [restartedMain] [org.hibernate.jpa.internal.util.LogHelper] [31] - HHH000204: Processing PersistenceUnitInfo [name: default]
[2021-04-27 14:36:21] [INFO ] [restartedMain] [org.hibernate.Version] [44] - HHH000412: Hibernate ORM core version 5.4.12.Final
[2021-04-27 14:36:22] [INFO ] [restartedMain] [org.hibernate.annotations.common.reflection.java.JavaReflectionManager] [49] - HCANN000001: Hibernate Commons Annotations {5.1.0.Final}
[2021-04-27 14:36:22] [INFO ] [restartedMain] [com.zaxxer.hikari.HikariDataSource] [110] - HikariPool-1 - Starting...
[2021-04-27 14:36:23] [INFO ] [restartedMain] [com.zaxxer.hikari.HikariDataSource] [123] - HikariPool-1 - Start completed.
[2021-04-27 14:36:23] [INFO ] [restartedMain] [org.hibernate.dialect.Dialect] [172] - HHH000400: Using dialect: org.hibernate.dialect.SQLServer2012Dialect
[2021-04-27 14:36:26] [INFO ] [restartedMain] [org.hibernate.engine.transaction.jta.platform.internal.JtaPlatformInitiator] [52] - HHH000490: Using JtaPlatform implementation: [org.hibernate.engine.transaction.jta.platform.internal.NoJtaPlatform]
[2021-04-27 14:36:26] [INFO ] [restartedMain] [org.springframework.orm.jpa.AbstractEntityManagerFactoryBean] [416] - Initialized JPA EntityManagerFactory for persistence unit 'default'
[2021-04-27 14:36:26] [INFO ] [restartedMain] [org.springframework.boot.devtools.autoconfigure.OptionalLiveReloadServer] [58] - LiveReload server is running on port 35729
[2021-04-27 14:36:28] [WARN ] [restartedMain] [org.springframework.boot.autoconfigure.orm.jpa.JpaBaseConfiguration$JpaWebConfiguration] [220] - spring.jpa.open-in-view is enabled by default. Therefore, database queries may be performed during view rendering. Explicitly configure spring.jpa.open-in-view to disable this warning
[2021-04-27 14:36:29] [INFO ] [restartedMain] [org.springframework.scheduling.concurrent.ExecutorConfigurationSupport] [181] - Initializing ExecutorService 'applicationTaskExecutor'
[2021-04-27 14:36:29] [INFO ] [restartedMain] [org.apache.juli.logging.DirectJDKLog] [173] - Starting ProtocolHandler ["https-openssl-nio-8443"]
[2021-04-27 14:36:30] [INFO ] [restartedMain] [org.springframework.boot.web.embedded.tomcat.TomcatWebServer] [204] - Tomcat started on port(s): 8443 (https) with context path '/Robot'
[2021-04-27 14:36:30] [INFO ] [restartedMain] [org.springframework.boot.StartupInfoLogger] [61] - Started ApplicationKt in 20.482 seconds (JVM running for 22.565)
[2021-04-27 14:36:50] [INFO ] [https-openssl-nio-8443-exec-4] [org.apache.juli.logging.DirectJDKLog] [173] - Initializing Spring DispatcherServlet 'dispatcherServlet'
[2021-04-27 14:36:50] [INFO ] [https-openssl-nio-8443-exec-4] [org.springframework.web.servlet.FrameworkServlet] [525] - Initializing Servlet 'dispatcherServlet'
[2021-04-27 14:36:50] [INFO ] [https-openssl-nio-8443-exec-4] [org.springframework.web.servlet.FrameworkServlet] [547] - Completed initialization in 18 ms
[2021-04-27 14:37:01] [INFO ] [https-openssl-nio-8443-exec-9] [com.consiliuminc.robot.controller.robot.TWMController] [50] - getTWMUserData request params={
    "id":"109047"
}
[2021-04-27 14:37:01] [ERROR] [https-openssl-nio-8443-exec-9] [org.apache.juli.logging.DirectJDKLog] [175] - Servlet.service() for servlet [dispatcherServlet] in context with path [/Robot] threw exception [Request processing failed; nested exception is java.lang.IllegalStateException: requestData.get("cellphone") must not be null] with root cause
java.lang.IllegalStateException: requestData.get("cellphone") must not be null
	at com.consiliuminc.robot.service.robot.TWMService.getTWMUserData(TWMService.kt:29)
	at com.consiliuminc.robot.controller.robot.TWMController.getTWMUserData(TWMController.kt:51)
	at sun.reflect.NativeMethodAccessorImpl.invoke0(Native Method)
	at sun.reflect.NativeMethodAccessorImpl.invoke(NativeMethodAccessorImpl.java:62)
	at sun.reflect.DelegatingMethodAccessorImpl.invoke(DelegatingMethodAccessorImpl.java:43)
	at java.lang.reflect.Method.invoke(Method.java:498)
	at org.springframework.web.method.support.InvocableHandlerMethod.doInvoke(InvocableHandlerMethod.java:190)
	at org.springframework.web.method.support.InvocableHandlerMethod.invokeForRequest(InvocableHandlerMethod.java:138)
	at org.springframework.web.servlet.mvc.method.annotation.ServletInvocableHandlerMethod.invokeAndHandle(ServletInvocableHandlerMethod.java:106)
	at org.springframework.web.servlet.mvc.method.annotation.RequestMappingHandlerAdapter.invokeHandlerMethod(RequestMappingHandlerAdapter.java:879)
	at org.springframework.web.servlet.mvc.method.annotation.RequestMappingHandlerAdapter.handleInternal(RequestMappingHandlerAdapter.java:793)
	at org.springframework.web.servlet.mvc.method.AbstractHandlerMethodAdapter.handle(AbstractHandlerMethodAdapter.java:87)
	at org.springframework.web.servlet.DispatcherServlet.doDispatch(DispatcherServlet.java:1040)
	at org.springframework.web.servlet.DispatcherServlet.doService(DispatcherServlet.java:943)
	at org.springframework.web.servlet.FrameworkServlet.processRequest(FrameworkServlet.java:1006)
	at org.springframework.web.servlet.FrameworkServlet.doPost(FrameworkServlet.java:909)
	at javax.servlet.http.HttpServlet.service(HttpServlet.java:660)
	at org.springframework.web.servlet.FrameworkServlet.service(FrameworkServlet.java:883)
	at javax.servlet.http.HttpServlet.service(HttpServlet.java:741)
	at org.apache.catalina.core.ApplicationFilterChain.internalDoFilter(ApplicationFilterChain.java:231)
	at org.apache.catalina.core.ApplicationFilterChain.doFilter(ApplicationFilterChain.java:166)
	at org.apache.tomcat.websocket.server.WsFilter.doFilter(WsFilter.java:53)
	at org.apache.catalina.core.ApplicationFilterChain.internalDoFilter(ApplicationFilterChain.java:193)
	at org.apache.catalina.core.ApplicationFilterChain.doFilter(ApplicationFilterChain.java:166)
	at org.springframework.web.filter.RequestContextFilter.doFilterInternal(RequestContextFilter.java:100)
	at org.springframework.web.filter.OncePerRequestFilter.doFilter(OncePerRequestFilter.java:119)
	at org.apache.catalina.core.ApplicationFilterChain.internalDoFilter(ApplicationFilterChain.java:193)
	at org.apache.catalina.core.ApplicationFilterChain.doFilter(ApplicationFilterChain.java:166)
	at org.springframework.web.filter.FormContentFilter.doFilterInternal(FormContentFilter.java:93)
	at org.springframework.web.filter.OncePerRequestFilter.doFilter(OncePerRequestFilter.java:119)
	at org.apache.catalina.core.ApplicationFilterChain.internalDoFilter(ApplicationFilterChain.java:193)
	at org.apache.catalina.core.ApplicationFilterChain.doFilter(ApplicationFilterChain.java:166)
	at org.springframework.web.filter.CharacterEncodingFilter.doFilterInternal(CharacterEncodingFilter.java:201)
	at org.springframework.web.filter.OncePerRequestFilter.doFilter(OncePerRequestFilter.java:119)
	at org.apache.catalina.core.ApplicationFilterChain.internalDoFilter(ApplicationFilterChain.java:193)
	at org.apache.catalina.core.ApplicationFilterChain.doFilter(ApplicationFilterChain.java:166)
	at org.apache.catalina.core.StandardWrapperValve.invoke(StandardWrapperValve.java:202)
	at org.apache.catalina.core.StandardContextValve.invoke(StandardContextValve.java:96)
	at org.apache.catalina.authenticator.AuthenticatorBase.invoke(AuthenticatorBase.java:541)
	at org.apache.catalina.core.StandardHostValve.invoke(StandardHostValve.java:139)
	at org.apache.catalina.valves.ErrorReportValve.invoke(ErrorReportValve.java:92)
	at org.apache.catalina.core.StandardEngineValve.invoke(StandardEngineValve.java:74)
	at org.apache.catalina.connector.CoyoteAdapter.service(CoyoteAdapter.java:343)
	at org.apache.coyote.http11.Http11Processor.service(Http11Processor.java:367)
	at org.apache.coyote.AbstractProcessorLight.process(AbstractProcessorLight.java:65)
	at org.apache.coyote.AbstractProtocol$ConnectionHandler.process(AbstractProtocol.java:868)
	at org.apache.tomcat.util.net.NioEndpoint$SocketProcessor.doRun(NioEndpoint.java:1639)
	at org.apache.tomcat.util.net.SocketProcessorBase.run(SocketProcessorBase.java:49)
	at java.util.concurrent.ThreadPoolExecutor.runWorker(ThreadPoolExecutor.java:1149)
	at java.util.concurrent.ThreadPoolExecutor$Worker.run(ThreadPoolExecutor.java:624)
	at org.apache.tomcat.util.threads.TaskThread$WrappingRunnable.run(TaskThread.java:61)
	at java.lang.Thread.run(Thread.java:748)
[2021-04-27 14:37:17] [INFO ] [https-openssl-nio-8443-exec-10] [com.consiliuminc.robot.controller.secom.SecomApiController] [26] - getSecomUser request params={
    "id":"109047"
}
[2021-04-27 14:37:57] [INFO ] [Thread-5] [org.springframework.scheduling.concurrent.ExecutorConfigurationSupport] [218] - Shutting down ExecutorService 'applicationTaskExecutor'
[2021-04-27 14:37:57] [INFO ] [Thread-5] [org.springframework.orm.jpa.AbstractEntityManagerFactoryBean] [598] - Closing JPA EntityManagerFactory for persistence unit 'default'
[2021-04-27 14:37:57] [INFO ] [Thread-5] [com.zaxxer.hikari.HikariDataSource] [350] - HikariPool-1 - Shutdown initiated...
[2021-04-27 14:37:57] [INFO ] [Thread-5] [com.zaxxer.hikari.HikariDataSource] [352] - HikariPool-1 - Shutdown completed.
[2021-04-27 14:37:59] [INFO ] [restartedMain] [org.springframework.boot.StartupInfoLogger] [55] - Starting ApplicationKt on YY-PC with PID 12780 (D:\Consiliuminc\IntelljWorkspace\Robot\target\classes started by YY-PC in D:\Consiliuminc\IntelljWorkspace\Robot)
[2021-04-27 14:37:59] [INFO ] [restartedMain] [org.springframework.boot.SpringApplication] [651] - No active profile set, falling back to default profiles: default
[2021-04-27 14:38:00] [INFO ] [restartedMain] [org.springframework.data.repository.config.RepositoryConfigurationDelegate] [127] - Bootstrapping Spring Data JPA repositories in DEFAULT mode.
[2021-04-27 14:38:00] [INFO ] [restartedMain] [org.springframework.data.repository.config.RepositoryConfigurationDelegate] [187] - Finished Spring Data repository scanning in 41ms. Found 2 JPA repository interfaces.
[2021-04-27 14:38:01] [INFO ] [restartedMain] [org.springframework.boot.web.embedded.tomcat.TomcatWebServer] [92] - Tomcat initialized with port(s): 8443 (https)
[2021-04-27 14:38:01] [INFO ] [restartedMain] [org.apache.juli.logging.DirectJDKLog] [173] - The ["https-openssl-nio-8443"] connector has been configured to support negotiation to [h2] via ALPN
[2021-04-27 14:38:01] [INFO ] [restartedMain] [org.apache.juli.logging.DirectJDKLog] [173] - Initializing ProtocolHandler ["https-openssl-nio-8443"]
[2021-04-27 14:38:01] [INFO ] [restartedMain] [org.apache.juli.logging.DirectJDKLog] [173] - Starting service [Tomcat]
[2021-04-27 14:38:01] [INFO ] [restartedMain] [org.apache.juli.logging.DirectJDKLog] [173] - Starting Servlet engine: [Apache Tomcat/9.0.31]
[2021-04-27 14:38:01] [INFO ] [restartedMain] [org.apache.juli.logging.DirectJDKLog] [173] - Loaded APR based Apache Tomcat Native library [1.2.24] using APR version [1.7.0].
[2021-04-27 14:38:01] [INFO ] [restartedMain] [org.apache.juli.logging.DirectJDKLog] [173] - APR capabilities: IPv6 [true], sendfile [true], accept filters [false], random [true].
[2021-04-27 14:38:01] [INFO ] [restartedMain] [org.apache.juli.logging.DirectJDKLog] [173] - APR/OpenSSL configuration: useAprConnector [false], useOpenSSL [true]
[2021-04-27 14:38:01] [INFO ] [restartedMain] [org.apache.juli.logging.DirectJDKLog] [173] - OpenSSL successfully initialized [OpenSSL 1.1.1g  21 Apr 2020]
[2021-04-27 14:38:01] [INFO ] [restartedMain] [org.apache.juli.logging.DirectJDKLog] [173] - Initializing Spring embedded WebApplicationContext
[2021-04-27 14:38:01] [INFO ] [restartedMain] [org.springframework.boot.web.servlet.context.ServletWebServerApplicationContext] [284] - Root WebApplicationContext: initialization completed in 2318 ms
[2021-04-27 14:38:01] [INFO ] [restartedMain] [org.hibernate.jpa.internal.util.LogHelper] [31] - HHH000204: Processing PersistenceUnitInfo [name: default]
[2021-04-27 14:38:01] [INFO ] [restartedMain] [com.zaxxer.hikari.HikariDataSource] [110] - HikariPool-2 - Starting...
[2021-04-27 14:38:01] [INFO ] [restartedMain] [com.zaxxer.hikari.HikariDataSource] [123] - HikariPool-2 - Start completed.
[2021-04-27 14:38:01] [INFO ] [restartedMain] [org.hibernate.dialect.Dialect] [172] - HHH000400: Using dialect: org.hibernate.dialect.SQLServer2012Dialect
[2021-04-27 14:38:01] [INFO ] [restartedMain] [org.hibernate.engine.transaction.jta.platform.internal.JtaPlatformInitiator] [52] - HHH000490: Using JtaPlatform implementation: [org.hibernate.engine.transaction.jta.platform.internal.NoJtaPlatform]
[2021-04-27 14:38:01] [INFO ] [restartedMain] [org.springframework.orm.jpa.AbstractEntityManagerFactoryBean] [416] - Initialized JPA EntityManagerFactory for persistence unit 'default'
[2021-04-27 14:38:01] [INFO ] [restartedMain] [org.springframework.boot.devtools.autoconfigure.OptionalLiveReloadServer] [58] - LiveReload server is running on port 35729
[2021-04-27 14:38:02] [WARN ] [restartedMain] [org.springframework.boot.autoconfigure.orm.jpa.JpaBaseConfiguration$JpaWebConfiguration] [220] - spring.jpa.open-in-view is enabled by default. Therefore, database queries may be performed during view rendering. Explicitly configure spring.jpa.open-in-view to disable this warning
[2021-04-27 14:38:02] [INFO ] [restartedMain] [org.springframework.scheduling.concurrent.ExecutorConfigurationSupport] [181] - Initializing ExecutorService 'applicationTaskExecutor'
[2021-04-27 14:38:02] [INFO ] [restartedMain] [org.apache.juli.logging.DirectJDKLog] [173] - Starting ProtocolHandler ["https-openssl-nio-8443"]
[2021-04-27 14:38:02] [INFO ] [restartedMain] [org.springframework.boot.web.embedded.tomcat.TomcatWebServer] [204] - Tomcat started on port(s): 8443 (https) with context path '/Robot'
[2021-04-27 14:38:02] [INFO ] [restartedMain] [org.springframework.boot.StartupInfoLogger] [61] - Started ApplicationKt in 3.98 seconds (JVM running for 114.935)
[2021-04-27 14:38:02] [INFO ] [restartedMain] [org.springframework.boot.devtools.autoconfigure.ConditionEvaluationDeltaLoggingListener] [63] - Condition evaluation unchanged
[2021-04-27 14:38:16] [INFO ] [Thread-9] [org.springframework.scheduling.concurrent.ExecutorConfigurationSupport] [218] - Shutting down ExecutorService 'applicationTaskExecutor'
[2021-04-27 14:38:16] [INFO ] [Thread-9] [org.springframework.orm.jpa.AbstractEntityManagerFactoryBean] [598] - Closing JPA EntityManagerFactory for persistence unit 'default'
[2021-04-27 14:38:16] [INFO ] [Thread-9] [com.zaxxer.hikari.HikariDataSource] [350] - HikariPool-2 - Shutdown initiated...
[2021-04-27 14:38:16] [INFO ] [Thread-9] [com.zaxxer.hikari.HikariDataSource] [352] - HikariPool-2 - Shutdown completed.
[2021-04-27 14:38:18] [INFO ] [restartedMain] [org.springframework.boot.StartupInfoLogger] [55] - Starting ApplicationKt on YY-PC with PID 12780 (D:\Consiliuminc\IntelljWorkspace\Robot\target\classes started by YY-PC in D:\Consiliuminc\IntelljWorkspace\Robot)
[2021-04-27 14:38:18] [INFO ] [restartedMain] [org.springframework.boot.SpringApplication] [651] - No active profile set, falling back to default profiles: default
[2021-04-27 14:38:20] [INFO ] [restartedMain] [org.springframework.data.repository.config.RepositoryConfigurationDelegate] [127] - Bootstrapping Spring Data JPA repositories in DEFAULT mode.
[2021-04-27 14:38:20] [INFO ] [restartedMain] [org.springframework.data.repository.config.RepositoryConfigurationDelegate] [187] - Finished Spring Data repository scanning in 132ms. Found 2 JPA repository interfaces.
[2021-04-27 14:38:21] [INFO ] [restartedMain] [org.springframework.boot.web.embedded.tomcat.TomcatWebServer] [92] - Tomcat initialized with port(s): 8443 (https)
[2021-04-27 14:38:21] [INFO ] [restartedMain] [org.apache.juli.logging.DirectJDKLog] [173] - The ["https-openssl-nio-8443"] connector has been configured to support negotiation to [h2] via ALPN
[2021-04-27 14:38:21] [INFO ] [restartedMain] [org.apache.juli.logging.DirectJDKLog] [173] - Initializing ProtocolHandler ["https-openssl-nio-8443"]
[2021-04-27 14:38:21] [INFO ] [restartedMain] [org.apache.juli.logging.DirectJDKLog] [173] - Starting service [Tomcat]
[2021-04-27 14:38:21] [INFO ] [restartedMain] [org.apache.juli.logging.DirectJDKLog] [173] - Starting Servlet engine: [Apache Tomcat/9.0.31]
[2021-04-27 14:38:21] [INFO ] [restartedMain] [org.apache.juli.logging.DirectJDKLog] [173] - Loaded APR based Apache Tomcat Native library [1.2.24] using APR version [1.7.0].
[2021-04-27 14:38:21] [INFO ] [restartedMain] [org.apache.juli.logging.DirectJDKLog] [173] - APR capabilities: IPv6 [true], sendfile [true], accept filters [false], random [true].
[2021-04-27 14:38:21] [INFO ] [restartedMain] [org.apache.juli.logging.DirectJDKLog] [173] - APR/OpenSSL configuration: useAprConnector [false], useOpenSSL [true]
[2021-04-27 14:38:21] [INFO ] [restartedMain] [org.apache.juli.logging.DirectJDKLog] [173] - OpenSSL successfully initialized [OpenSSL 1.1.1g  21 Apr 2020]
[2021-04-27 14:38:21] [INFO ] [restartedMain] [org.apache.juli.logging.DirectJDKLog] [173] - Initializing Spring embedded WebApplicationContext
[2021-04-27 14:38:21] [INFO ] [restartedMain] [org.springframework.boot.web.servlet.context.ServletWebServerApplicationContext] [284] - Root WebApplicationContext: initialization completed in 2975 ms
[2021-04-27 14:38:21] [INFO ] [restartedMain] [org.hibernate.jpa.internal.util.LogHelper] [31] - HHH000204: Processing PersistenceUnitInfo [name: default]
[2021-04-27 14:38:21] [INFO ] [restartedMain] [com.zaxxer.hikari.HikariDataSource] [110] - HikariPool-3 - Starting...
[2021-04-27 14:38:21] [INFO ] [restartedMain] [com.zaxxer.hikari.HikariDataSource] [123] - HikariPool-3 - Start completed.
[2021-04-27 14:38:21] [INFO ] [restartedMain] [org.hibernate.dialect.Dialect] [172] - HHH000400: Using dialect: org.hibernate.dialect.SQLServer2012Dialect
[2021-04-27 14:38:21] [INFO ] [restartedMain] [org.hibernate.engine.transaction.jta.platform.internal.JtaPlatformInitiator] [52] - HHH000490: Using JtaPlatform implementation: [org.hibernate.engine.transaction.jta.platform.internal.NoJtaPlatform]
[2021-04-27 14:38:21] [INFO ] [restartedMain] [org.springframework.orm.jpa.AbstractEntityManagerFactoryBean] [416] - Initialized JPA EntityManagerFactory for persistence unit 'default'
[2021-04-27 14:38:21] [INFO ] [restartedMain] [org.springframework.boot.devtools.autoconfigure.OptionalLiveReloadServer] [58] - LiveReload server is running on port 35729
[2021-04-27 14:38:23] [WARN ] [restartedMain] [org.springframework.boot.autoconfigure.orm.jpa.JpaBaseConfiguration$JpaWebConfiguration] [220] - spring.jpa.open-in-view is enabled by default. Therefore, database queries may be performed during view rendering. Explicitly configure spring.jpa.open-in-view to disable this warning
[2021-04-27 14:38:23] [INFO ] [restartedMain] [org.springframework.scheduling.concurrent.ExecutorConfigurationSupport] [181] - Initializing ExecutorService 'applicationTaskExecutor'
[2021-04-27 14:38:23] [INFO ] [restartedMain] [org.apache.juli.logging.DirectJDKLog] [173] - Starting ProtocolHandler ["https-openssl-nio-8443"]
[2021-04-27 14:38:23] [INFO ] [restartedMain] [org.springframework.boot.web.embedded.tomcat.TomcatWebServer] [204] - Tomcat started on port(s): 8443 (https) with context path '/Robot'
[2021-04-27 14:38:23] [INFO ] [restartedMain] [org.springframework.boot.StartupInfoLogger] [61] - Started ApplicationKt in 5.456 seconds (JVM running for 135.926)
[2021-04-27 14:38:23] [INFO ] [restartedMain] [org.springframework.boot.devtools.autoconfigure.ConditionEvaluationDeltaLoggingListener] [63] - Condition evaluation unchanged
